2025-05-25 00:54:23.763 [INFO] starting
2025-05-25 00:54:23.765 [DEBUG] listener opening at 3000
2025-05-25 00:54:23.847 [INFO] ticker begin
2025-05-25 00:54:23.847 [INFO] OgarII 1.3.6
2025-05-25 00:54:23.847 [INFO] gamemode: FFA
2025-05-25 00:54:23.849 [INFO] listener open at 3000
2025-05-25 00:54:24.763 [DEBUG] command stream open
2025-05-25 00:59:03.400 [ACCESS] REQUEST FROM 127.0.0.1, not secure, Origin: https://femcil.glitch.me
2025-05-25 00:59:03.401 [DEBUG] client verification passed
2025-05-25 00:59:03.440 [ACCESS] CONNECTION FROM 127.0.0.1
2025-05-25 00:59:03.485 [DEBUG] added a player with id 1
2025-05-25 00:59:03.514 [DEBUG] added a player with id 2
2025-05-25 00:59:03.514 [DEBUG] player 2 has been added to world 1
2025-05-25 00:59:03.515 [DEBUG] added a player with id 3
2025-05-25 00:59:03.515 [DEBUG] player 3 has been added to world 1
2025-05-25 00:59:03.515 [DEBUG] added a player with id 4
2025-05-25 00:59:03.515 [DEBUG] player 4 has been added to world 1
2025-05-25 00:59:03.515 [DEBUG] added a player with id 5
2025-05-25 00:59:03.515 [DEBUG] player 5 has been added to world 1
2025-05-25 00:59:03.515 [DEBUG] added a player with id 6
2025-05-25 00:59:03.515 [DEBUG] player 6 has been added to world 1
2025-05-25 00:59:03.515 [DEBUG] added a player with id 7
2025-05-25 00:59:03.515 [DEBUG] player 7 has been added to world 1
2025-05-25 00:59:03.515 [DEBUG] added a player with id 8
2025-05-25 00:59:03.515 [DEBUG] player 8 has been added to world 1
2025-05-25 00:59:03.515 [DEBUG] added a player with id 9
2025-05-25 00:59:03.515 [DEBUG] player 9 has been added to world 1
2025-05-25 00:59:03.515 [DEBUG] added a player with id 10
2025-05-25 00:59:03.515 [DEBUG] player 10 has been added to world 1
2025-05-25 00:59:03.515 [DEBUG] added a player with id 11
2025-05-25 00:59:03.515 [DEBUG] player 11 has been added to world 1
2025-05-25 00:59:03.515 [DEBUG] added a world with id 1
2025-05-25 00:59:03.517 [DEBUG] player 1 has been added to world 1
2025-05-25 00:59:03.517 [DEBUG] added a player with id 12
2025-05-25 00:59:03.518 [DEBUG] player 12 has been added to world 1
2025-05-25 00:59:03.518 [DEBUG] added a player with id 13
2025-05-25 00:59:03.518 [DEBUG] player 13 has been added to world 1
2025-05-25 00:59:03.518 [DEBUG] added a player with id 14
2025-05-25 00:59:03.518 [DEBUG] player 14 has been added to world 1
2025-05-25 00:59:03.518 [DEBUG] added a player with id 15
2025-05-25 00:59:03.518 [DEBUG] player 15 has been added to world 1
2025-05-25 01:00:23.074 [DEBUG] connection from 127.0.0.1 has disconnected
2025-05-25 01:00:23.096 [ACCESS] DISCONNECTION FROM 127.0.0.1 (1001 '')
2025-05-25 01:00:23.096 [DEBUG] player 12 has been removed from world 1
2025-05-25 01:00:23.096 [DEBUG] removed player with id 12
2025-05-25 01:00:23.097 [DEBUG] player 13 has been removed from world 1
2025-05-25 01:00:23.097 [DEBUG] removed player with id 13
2025-05-25 01:00:23.098 [DEBUG] player 14 has been removed from world 1
2025-05-25 01:00:23.098 [DEBUG] removed player with id 14
2025-05-25 01:00:23.098 [DEBUG] player 15 has been removed from world 1
2025-05-25 01:00:23.098 [DEBUG] removed player with id 15
2025-05-25 01:00:23.136 [DEBUG] player 1 has been removed from world 1
2025-05-25 01:00:23.136 [DEBUG] removed player with id 1
